<?xml version="1.0" encoding="UTF-8"?>
<!-- Generated by org.testng.reporters.JUnitReportReporter -->
<testsuite hostname="Gaurav-PC" name="DemoProject.APITestcase.CRUDOperations" tests="4" failures="0" timestamp="28 Aug 2021 18:36:42 GMT" time="8.817" errors="0">
  <testcase name="GetAPI" time="2.174" classname="DemoProject.APITestcase.CRUDOperations"/>
  <testcase name="PutAPI" time="0.987" classname="DemoProject.APITestcase.CRUDOperations"/>
  <testcase name="DeleteAPI" time="1.386" classname="DemoProject.APITestcase.CRUDOperations"/>
  <testcase name="PostAPI" time="4.270" classname="DemoProject.APITestcase.CRUDOperations"/>
</testsuite> <!-- DemoProject.APITestcase.CRUDOperations -->
