<?xml version="1.0" encoding="UTF-8"?>
<!-- Generated by org.testng.reporters.JUnitReportReporter -->
<testsuite hostname="Gaurav-PC" name="DemoProject.TestCases.Testcase" tests="5" failures="0" timestamp="29 Aug 2021 04:37:30 GMT" time="114.694" errors="0">
  <testcase name="addagent" time="13.001" classname="DemoProject.TestCases.Testcase"/>
  <testcase name="GenerateToken" time="16.124" classname="DemoProject.TestCases.Testcase"/>
  <testcase name="uploadrecording" time="43.346" classname="DemoProject.TestCases.Testcase"/>
  <testcase name="addautoattedant" time="15.982" classname="DemoProject.TestCases.Testcase"/>
  <testcase name="Login" time="26.241" classname="DemoProject.TestCases.Testcase"/>
</testsuite> <!-- DemoProject.TestCases.Testcase -->
